<jboss-deployment-structure xmlns="urn:jboss:deployment-structure:1.1">
	<deployment>
		<exclusions>
			<module name="org.jboss.netty" />
		</exclusions>
		<dependencies>
			<module name="org.apache.httpcomponents" />
			<module name="org.codehaus.jackson.jackson-jaxrs" />
			<module name="org.codehaus.jackson.jackson-mapper-asl" />
			<module name="org.jboss.logging" />
			<!-- <module name="com.capgemini.arquillian.bdd" />-->
			<module name="org.jboss.remoting3.remoting-jmx" services="import" />
		</dependencies>
	</deployment>
</jboss-deployment-structure>